<?xml version="1.0" encoding="UTF-8"?>
<!-- Generated by org.testng.reporters.JUnitReportReporter -->
<testsuite skipped="0" hostname="DESKTOP-2F9I86H" name="EventHandling.AlertHandling" tests="3" failures="0" timestamp="2020-05-11T13:56:48 IST" time="13.696" errors="0">
  <testcase name="alertBox" time="3.772" classname="EventHandling.AlertHandling"/>
  <testcase name="promptBox" time="5.465" classname="EventHandling.AlertHandling"/>
  <testcase name="confirmBox" time="4.459" classname="EventHandling.AlertHandling"/>
</testsuite> <!-- EventHandling.AlertHandling -->
