<?xml version="1.0" encoding="UTF-8"?>
<!-- Generated by org.testng.reporters.JUnitReportReporter -->
<testsuite skipped="1" hostname="DESKTOP-2F9I86H" name="EventHandling.IFrameHandling" tests="2" failures="0" timestamp="2020-05-11T14:23:21 IST" time="16.569" errors="0">
  <testcase name="multipleIFrame" time="16.569" classname="EventHandling.IFrameHandling"/>
  <testcase name="getIntoIFrame" classname="EventHandling.IFrameHandling">
    <skipped/>
  </testcase> <!-- getIntoIFrame -->
</testsuite> <!-- EventHandling.IFrameHandling -->
